{"/private/var/www/me/welligence-fe-test/src/App.tsx": {"path":"/private/var/www/me/welligence-fe-test/src/App.tsx","statementMap":{"0":{"start":{"line":6,"column":1},"end":{"line":12,"column":null}}},"fnMap":{"0":{"name":"App","decl":{"start":{"line":5,"column":9},"end":{"line":5,"column":15}},"loc":{"start":{"line":5,"column":15},"end":{"line":14,"column":null}}}},"branchMap":{},"s":{"0":0},"f":{"0":0},"b":{}}
,"/private/var/www/me/welligence-fe-test/src/components/hooks/use-get-posts.ts": {"path":"/private/var/www/me/welligence-fe-test/src/components/hooks/use-get-posts.ts","statementMap":{"0":{"start":{"line":10,"column":17},"end":{"line":32,"column":null}},"1":{"start":{"line":11,"column":36},"end":{"line":25,"column":null}},"2":{"start":{"line":14,"column":18},"end":{"line":14,"column":null}},"3":{"start":{"line":15,"column":3},"end":{"line":17,"column":null}},"4":{"start":{"line":16,"column":4},"end":{"line":16,"column":null}},"5":{"start":{"line":18,"column":3},"end":{"line":18,"column":null}},"6":{"start":{"line":27,"column":1},"end":{"line":31,"column":null}}},"fnMap":{"0":{"name":"(anonymous_0)","decl":{"start":{"line":10,"column":17},"end":{"line":10,"column":42}},"loc":{"start":{"line":10,"column":42},"end":{"line":32,"column":null}}},"1":{"name":"(anonymous_1)","decl":{"start":{"line":13,"column":2},"end":{"line":13,"column":14}},"loc":{"start":{"line":13,"column":14},"end":{"line":19,"column":null}}}},"branchMap":{"0":{"loc":{"start":{"line":15,"column":3},"end":{"line":17,"column":null}},"type":"if","locations":[{"start":{"line":15,"column":3},"end":{"line":17,"column":null}},{"start":{},"end":{}}]}},"s":{"0":1,"1":5,"2":0,"3":0,"4":0,"5":0,"6":5},"f":{"0":5,"1":0},"b":{"0":[0,0]}}
,"/private/var/www/me/welligence-fe-test/src/components/hooks/use-pagination.ts": {"path":"/private/var/www/me/welligence-fe-test/src/components/hooks/use-pagination.ts","statementMap":{"0":{"start":{"line":23,"column":27},"end":{"line":26,"column":null}},"1":{"start":{"line":28,"column":17},"end":{"line":30,"column":null}},"2":{"start":{"line":29,"column":1},"end":{"line":29,"column":null}},"3":{"start":{"line":32,"column":22},"end":{"line":85,"column":null}},"4":{"start":{"line":33,"column":96},"end":{"line":33,"column":null}},"5":{"start":{"line":35,"column":37},"end":{"line":38,"column":null}},"6":{"start":{"line":40,"column":26},"end":{"line":53,"column":null}},"7":{"start":{"line":41,"column":2},"end":{"line":52,"column":null}},"8":{"start":{"line":42,"column":3},"end":{"line":47,"column":null}},"9":{"start":{"line":43,"column":4},"end":{"line":46,"column":null}},"10":{"start":{"line":48,"column":3},"end":{"line":51,"column":null}},"11":{"start":{"line":55,"column":26},"end":{"line":57,"column":null}},"12":{"start":{"line":56,"column":2},"end":{"line":56,"column":null}},"13":{"start":{"line":56,"column":25},"end":{"line":56,"column":68}},"14":{"start":{"line":59,"column":18},"end":{"line":61,"column":null}},"15":{"start":{"line":60,"column":2},"end":{"line":60,"column":null}},"16":{"start":{"line":60,"column":25},"end":{"line":60,"column":43}},"17":{"start":{"line":63,"column":20},"end":{"line":68,"column":null}},"18":{"start":{"line":64,"column":2},"end":{"line":67,"column":null}},"19":{"start":{"line":70,"column":23},"end":{"line":72,"column":null}},"20":{"start":{"line":71,"column":2},"end":{"line":71,"column":null}},"21":{"start":{"line":74,"column":20},"end":{"line":74,"column":null}},"22":{"start":{"line":76,"column":1},"end":{"line":84,"column":null}}},"fnMap":{"0":{"name":"(anonymous_0)","decl":{"start":{"line":28,"column":17},"end":{"line":28,"column":21}},"loc":{"start":{"line":28,"column":73},"end":{"line":30,"column":null}}},"1":{"name":"(anonymous_1)","decl":{"start":{"line":32,"column":22},"end":{"line":32,"column":26}},"loc":{"start":{"line":32,"column":100},"end":{"line":85,"column":null}}},"2":{"name":"(anonymous_2)","decl":{"start":{"line":40,"column":38},"end":{"line":40,"column":39}},"loc":{"start":{"line":40,"column":73},"end":{"line":53,"column":4}}},"3":{"name":"(anonymous_3)","decl":{"start":{"line":41,"column":16},"end":{"line":41,"column":25}},"loc":{"start":{"line":41,"column":25},"end":{"line":52,"column":3}}},"4":{"name":"(anonymous_4)","decl":{"start":{"line":55,"column":38},"end":{"line":55,"column":44}},"loc":{"start":{"line":55,"column":44},"end":{"line":57,"column":4}}},"5":{"name":"(anonymous_5)","decl":{"start":{"line":56,"column":16},"end":{"line":56,"column":25}},"loc":{"start":{"line":56,"column":25},"end":{"line":56,"column":68}}},"6":{"name":"(anonymous_6)","decl":{"start":{"line":59,"column":30},"end":{"line":59,"column":31}},"loc":{"start":{"line":59,"column":48},"end":{"line":61,"column":4}}},"7":{"name":"(anonymous_7)","decl":{"start":{"line":60,"column":16},"end":{"line":60,"column":25}},"loc":{"start":{"line":60,"column":25},"end":{"line":60,"column":43}}},"8":{"name":"(anonymous_8)","decl":{"start":{"line":63,"column":32},"end":{"line":63,"column":33}},"loc":{"start":{"line":63,"column":53},"end":{"line":68,"column":4}}},"9":{"name":"(anonymous_9)","decl":{"start":{"line":70,"column":31},"end":{"line":70,"column":37}},"loc":{"start":{"line":70,"column":37},"end":{"line":72,"column":4}}}},"branchMap":{"0":{"loc":{"start":{"line":32,"column":37},"end":{"line":32,"column":100}},"type":"default-arg","locations":[{"start":{"line":32,"column":69},"end":{"line":32,"column":100}}]},"1":{"loc":{"start":{"line":33,"column":9},"end":{"line":33,"column":48}},"type":"default-arg","locations":[{"start":{"line":33,"column":23},"end":{"line":33,"column":48}}]},"2":{"loc":{"start":{"line":33,"column":48},"end":{"line":33,"column":92}},"type":"default-arg","locations":[{"start":{"line":33,"column":65},"end":{"line":33,"column":92}}]},"3":{"loc":{"start":{"line":42,"column":3},"end":{"line":47,"column":null}},"type":"if","locations":[{"start":{"line":42,"column":3},"end":{"line":47,"column":null}},{"start":{},"end":{}}]}},"s":{"0":1,"1":1,"2":24,"3":1,"4":18,"5":18,"6":18,"7":2,"8":2,"9":1,"10":1,"11":18,"12":1,"13":1,"14":18,"15":4,"16":4,"17":18,"18":1,"19":18,"20":18,"21":18,"22":18},"f":{"0":24,"1":18,"2":2,"3":2,"4":1,"5":1,"6":4,"7":4,"8":1,"9":18},"b":{"0":[17],"1":[17],"2":[17],"3":[1,1]}}
,"/private/var/www/me/welligence-fe-test/src/components/hooks/use-search.ts": {"path":"/private/var/www/me/welligence-fe-test/src/components/hooks/use-search.ts","statementMap":{"0":{"start":{"line":17,"column":18},"end":{"line":52,"column":null}},"1":{"start":{"line":18,"column":37},"end":{"line":18,"column":null}},"2":{"start":{"line":20,"column":22},"end":{"line":22,"column":null}},"3":{"start":{"line":21,"column":2},"end":{"line":21,"column":null}},"4":{"start":{"line":24,"column":28},"end":{"line":24,"column":null}},"5":{"start":{"line":26,"column":22},"end":{"line":45,"column":null}},"6":{"start":{"line":27,"column":2},"end":{"line":29,"column":null}},"7":{"start":{"line":28,"column":3},"end":{"line":28,"column":null}},"8":{"start":{"line":31,"column":21},"end":{"line":31,"column":null}},"9":{"start":{"line":33,"column":2},"end":{"line":35,"column":null}},"10":{"start":{"line":34,"column":3},"end":{"line":34,"column":null}},"11":{"start":{"line":37,"column":2},"end":{"line":44,"column":null}},"12":{"start":{"line":38,"column":3},"end":{"line":43,"column":null}},"13":{"start":{"line":39,"column":4},"end":{"line":41,"column":null}},"14":{"start":{"line":40,"column":5},"end":{"line":40,"column":null}},"15":{"start":{"line":42,"column":4},"end":{"line":42,"column":null}},"16":{"start":{"line":47,"column":1},"end":{"line":51,"column":null}}},"fnMap":{"0":{"name":"(anonymous_0)","decl":{"start":{"line":17,"column":18},"end":{"line":17,"column":45}},"loc":{"start":{"line":17,"column":109},"end":{"line":52,"column":null}}},"1":{"name":"(anonymous_1)","decl":{"start":{"line":20,"column":34},"end":{"line":20,"column":35}},"loc":{"start":{"line":20,"column":52},"end":{"line":22,"column":4}}},"2":{"name":"(anonymous_2)","decl":{"start":{"line":26,"column":30},"end":{"line":26,"column":36}},"loc":{"start":{"line":26,"column":36},"end":{"line":45,"column":4}}},"3":{"name":"(anonymous_3)","decl":{"start":{"line":37,"column":21},"end":{"line":37,"column":null}},"loc":{"start":{"line":38,"column":3},"end":{"line":43,"column":null}}},"4":{"name":"(anonymous_4)","decl":{"start":{"line":38,"column":29},"end":{"line":38,"column":38}},"loc":{"start":{"line":38,"column":38},"end":{"line":43,"column":4}}}},"branchMap":{"0":{"loc":{"start":{"line":27,"column":2},"end":{"line":29,"column":null}},"type":"if","locations":[{"start":{"line":27,"column":2},"end":{"line":29,"column":null}},{"start":{},"end":{}}]},"1":{"loc":{"start":{"line":33,"column":2},"end":{"line":35,"column":null}},"type":"if","locations":[{"start":{"line":33,"column":2},"end":{"line":35,"column":null}},{"start":{},"end":{}}]},"2":{"loc":{"start":{"line":39,"column":4},"end":{"line":41,"column":null}},"type":"if","locations":[{"start":{"line":39,"column":4},"end":{"line":41,"column":null}},{"start":{},"end":{}}]}},"s":{"0":1,"1":42,"2":42,"3":14,"4":42,"5":42,"6":42,"7":3,"8":39,"9":39,"10":24,"11":15,"12":665,"13":768,"14":5,"15":763,"16":42},"f":{"0":42,"1":14,"2":42,"3":665,"4":768},"b":{"0":[3,39],"1":[24,15],"2":[5,763]}}
,"/private/var/www/me/welligence-fe-test/src/components/ui/posts-context.tsx": {"path":"/private/var/www/me/welligence-fe-test/src/components/ui/posts-context.tsx","statementMap":{"0":{"start":{"line":5,"column":20},"end":{"line":19,"column":null}}},"fnMap":{},"branchMap":{},"s":{"0":0},"f":{},"b":{}}
,"/private/var/www/me/welligence-fe-test/src/components/ui/posts-pagination.tsx": {"path":"/private/var/www/me/welligence-fe-test/src/components/ui/posts-pagination.tsx","statementMap":{"0":{"start":{"line":10,"column":26},"end":{"line":31,"column":null}},"1":{"start":{"line":11,"column":39},"end":{"line":11,"column":null}},"2":{"start":{"line":13,"column":1},"end":{"line":29,"column":null}},"3":{"start":{"line":26,"column":37},"end":{"line":26,"column":null}},"4":{"start":{"line":27,"column":33},"end":{"line":27,"column":null}}},"fnMap":{"0":{"name":"(anonymous_0)","decl":{"start":{"line":10,"column":26},"end":{"line":10,"column":27}},"loc":{"start":{"line":10,"column":69},"end":{"line":31,"column":null}}},"1":{"name":"(anonymous_1)","decl":{"start":{"line":26,"column":17},"end":{"line":26,"column":18}},"loc":{"start":{"line":26,"column":37},"end":{"line":26,"column":null}}},"2":{"name":"(anonymous_2)","decl":{"start":{"line":27,"column":24},"end":{"line":27,"column":33}},"loc":{"start":{"line":27,"column":33},"end":{"line":27,"column":null}}}},"branchMap":{},"s":{"0":0,"1":0,"2":0,"3":0,"4":0},"f":{"0":0,"1":0,"2":0},"b":{}}
,"/private/var/www/me/welligence-fe-test/src/components/ui/posts-search.tsx": {"path":"/private/var/www/me/welligence-fe-test/src/components/ui/posts-search.tsx","statementMap":{"0":{"start":{"line":8,"column":20},"end":{"line":46,"column":null}},"1":{"start":{"line":9,"column":18},"end":{"line":9,"column":null}},"2":{"start":{"line":11,"column":1},"end":{"line":21,"column":null}},"3":{"start":{"line":12,"column":24},"end":{"line":18,"column":null}},"4":{"start":{"line":13,"column":3},"end":{"line":17,"column":null}},"5":{"start":{"line":14,"column":4},"end":{"line":14,"column":null}},"6":{"start":{"line":15,"column":4},"end":{"line":15,"column":null}},"7":{"start":{"line":16,"column":4},"end":{"line":16,"column":null}},"8":{"start":{"line":19,"column":2},"end":{"line":19,"column":null}},"9":{"start":{"line":20,"column":2},"end":{"line":20,"column":null}},"10":{"start":{"line":20,"column":15},"end":{"line":20,"column":null}},"11":{"start":{"line":23,"column":18},"end":{"line":23,"column":null}},"12":{"start":{"line":23,"column":60},"end":{"line":23,"column":null}},"13":{"start":{"line":25,"column":1},"end":{"line":44,"column":null}}},"fnMap":{"0":{"name":"(anonymous_0)","decl":{"start":{"line":8,"column":20},"end":{"line":8,"column":21}},"loc":{"start":{"line":8,"column":60},"end":{"line":46,"column":null}}},"1":{"name":"(anonymous_1)","decl":{"start":{"line":11,"column":11},"end":{"line":11,"column":17}},"loc":{"start":{"line":11,"column":17},"end":{"line":21,"column":4}}},"2":{"name":"(anonymous_2)","decl":{"start":{"line":12,"column":24},"end":{"line":12,"column":25}},"loc":{"start":{"line":12,"column":50},"end":{"line":18,"column":null}}},"3":{"name":"(anonymous_3)","decl":{"start":{"line":20,"column":9},"end":{"line":20,"column":15}},"loc":{"start":{"line":20,"column":15},"end":{"line":20,"column":null}}},"4":{"name":"(anonymous_4)","decl":{"start":{"line":23,"column":18},"end":{"line":23,"column":19}},"loc":{"start":{"line":23,"column":60},"end":{"line":23,"column":null}}}},"branchMap":{"0":{"loc":{"start":{"line":13,"column":3},"end":{"line":17,"column":null}},"type":"if","locations":[{"start":{"line":13,"column":3},"end":{"line":17,"column":null}},{"start":{},"end":{}}]},"1":{"loc":{"start":{"line":13,"column":3},"end":{"line":13,"column":62}},"type":"binary-expr","locations":[{"start":{"line":13,"column":8},"end":{"line":13,"column":25}},{"start":{"line":13,"column":25},"end":{"line":13,"column":43}},{"start":{"line":13,"column":43},"end":{"line":13,"column":62}}]}},"s":{"0":0,"1":0,"2":0,"3":0,"4":0,"5":0,"6":0,"7":0,"8":0,"9":0,"10":0,"11":0,"12":0,"13":0},"f":{"0":0,"1":0,"2":0,"3":0,"4":0},"b":{"0":[0,0],"1":[0,0,0]}}
,"/private/var/www/me/welligence-fe-test/src/components/ui/posts-table.tsx": {"path":"/private/var/www/me/welligence-fe-test/src/components/ui/posts-table.tsx","statementMap":{"0":{"start":{"line":10,"column":21},"end":{"line":70,"column":null}},"1":{"start":{"line":11,"column":37},"end":{"line":11,"column":null}},"2":{"start":{"line":13,"column":1},"end":{"line":19,"column":null}},"3":{"start":{"line":14,"column":2},"end":{"line":17,"column":null}},"4":{"start":{"line":21,"column":1},"end":{"line":27,"column":null}},"5":{"start":{"line":22,"column":2},"end":{"line":25,"column":null}},"6":{"start":{"line":29,"column":1},"end":{"line":68,"column":null}},"7":{"start":{"line":51,"column":6},"end":{"line":64,"column":null}}},"fnMap":{"0":{"name":"(anonymous_0)","decl":{"start":{"line":10,"column":21},"end":{"line":10,"column":27}},"loc":{"start":{"line":10,"column":27},"end":{"line":70,"column":null}}},"1":{"name":"(anonymous_1)","decl":{"start":{"line":50,"column":16},"end":{"line":50,"column":null}},"loc":{"start":{"line":51,"column":6},"end":{"line":64,"column":null}}}},"branchMap":{"0":{"loc":{"start":{"line":13,"column":1},"end":{"line":19,"column":null}},"type":"if","locations":[{"start":{"line":13,"column":1},"end":{"line":19,"column":null}},{"start":{},"end":{}}]},"1":{"loc":{"start":{"line":21,"column":1},"end":{"line":27,"column":null}},"type":"if","locations":[{"start":{"line":21,"column":1},"end":{"line":27,"column":null}},{"start":{},"end":{}}]}},"s":{"0":0,"1":0,"2":0,"3":0,"4":0,"5":0,"6":0,"7":0},"f":{"0":0,"1":0},"b":{"0":[0,0],"1":[0,0]}}
,"/private/var/www/me/welligence-fe-test/src/components/ui/posts.tsx": {"path":"/private/var/www/me/welligence-fe-test/src/components/ui/posts.tsx","statementMap":{"0":{"start":{"line":11,"column":22},"end":{"line":14,"column":null}},"1":{"start":{"line":16,"column":14},"end":{"line":61,"column":null}},"2":{"start":{"line":17,"column":43},"end":{"line":17,"column":null}},"3":{"start":{"line":19,"column":55},"end":{"line":21,"column":null}},"4":{"start":{"line":29,"column":5},"end":{"line":29,"column":null}},"5":{"start":{"line":31,"column":18},"end":{"line":37,"column":null}},"6":{"start":{"line":33,"column":3},"end":{"line":33,"column":null}},"7":{"start":{"line":34,"column":3},"end":{"line":34,"column":null}},"8":{"start":{"line":39,"column":22},"end":{"line":48,"column":null}},"9":{"start":{"line":40,"column":9},"end":{"line":46,"column":null}},"10":{"start":{"line":50,"column":1},"end":{"line":59,"column":null}}},"fnMap":{"0":{"name":"(anonymous_0)","decl":{"start":{"line":16,"column":14},"end":{"line":16,"column":20}},"loc":{"start":{"line":16,"column":20},"end":{"line":61,"column":null}}},"1":{"name":"(anonymous_1)","decl":{"start":{"line":32,"column":2},"end":{"line":32,"column":3}},"loc":{"start":{"line":32,"column":28},"end":{"line":35,"column":null}}},"2":{"name":"(anonymous_2)","decl":{"start":{"line":40,"column":2},"end":{"line":40,"column":9}},"loc":{"start":{"line":40,"column":9},"end":{"line":46,"column":null}}}},"branchMap":{"0":{"loc":{"start":{"line":19,"column":71},"end":{"line":19,"column":84}},"type":"binary-expr","locations":[{"start":{"line":19,"column":71},"end":{"line":19,"column":80}},{"start":{"line":19,"column":80},"end":{"line":19,"column":84}}]}},"s":{"0":0,"1":0,"2":0,"3":0,"4":0,"5":0,"6":0,"7":0,"8":0,"9":0,"10":0},"f":{"0":0,"1":0,"2":0},"b":{"0":[0,0]}}
,"/private/var/www/me/welligence-fe-test/src/services/services.ts": {"path":"/private/var/www/me/welligence-fe-test/src/services/services.ts","statementMap":{"0":{"start":{"line":1,"column":12},"end":{"line":1,"column":null}},"1":{"start":{"line":3,"column":18},"end":{"line":5,"column":null}},"2":{"start":{"line":19,"column":15},"end":{"line":44,"column":null}},"3":{"start":{"line":20,"column":1},"end":{"line":43,"column":null}},"4":{"start":{"line":21,"column":19},"end":{"line":21,"column":null}},"5":{"start":{"line":23,"column":19},"end":{"line":23,"column":null}},"6":{"start":{"line":25,"column":2},"end":{"line":30,"column":null}},"7":{"start":{"line":26,"column":3},"end":{"line":29,"column":null}},"8":{"start":{"line":32,"column":18},"end":{"line":32,"column":null}},"9":{"start":{"line":34,"column":2},"end":{"line":37,"column":null}},"10":{"start":{"line":39,"column":2},"end":{"line":42,"column":null}},"11":{"start":{"line":53,"column":17},"end":{"line":55,"column":null}},"12":{"start":{"line":54,"column":1},"end":{"line":54,"column":null}}},"fnMap":{"0":{"name":"(anonymous_0)","decl":{"start":{"line":19,"column":15},"end":{"line":19,"column":35}},"loc":{"start":{"line":19,"column":84},"end":{"line":44,"column":null}}},"1":{"name":"(anonymous_1)","decl":{"start":{"line":53,"column":17},"end":{"line":53,"column":59}},"loc":{"start":{"line":53,"column":59},"end":{"line":55,"column":null}}}},"branchMap":{"0":{"loc":{"start":{"line":25,"column":2},"end":{"line":30,"column":null}},"type":"if","locations":[{"start":{"line":25,"column":2},"end":{"line":30,"column":null}},{"start":{},"end":{}}]},"1":{"loc":{"start":{"line":41,"column":10},"end":{"line":41,"column":null}},"type":"cond-expr","locations":[{"start":{"line":41,"column":35},"end":{"line":41,"column":51}},{"start":{"line":41,"column":51},"end":{"line":41,"column":null}}]}},"s":{"0":0,"1":0,"2":0,"3":0,"4":0,"5":0,"6":0,"7":0,"8":0,"9":0,"10":0,"11":0,"12":0},"f":{"0":0,"1":0},"b":{"0":[0,0],"1":[0,0]}}
}
