TN:
SF:src/App.tsx
FN:5,App
FNF:1
FNH:0
FNDA:0,App
DA:6,0
LF:1
LH:0
BRF:0
BRH:0
end_of_record
TN:
SF:src/components/hooks/use-get-posts.ts
FN:10,(anonymous_0)
FN:13,(anonymous_1)
FNF:2
FNH:1
FNDA:5,(anonymous_0)
FNDA:0,(anonymous_1)
DA:10,1
DA:11,5
DA:14,0
DA:15,0
DA:16,0
DA:18,0
DA:27,5
LF:7
LH:3
BRDA:15,0,0,0
BRDA:15,0,1,0
BRF:2
BRH:0
end_of_record
TN:
SF:src/components/hooks/use-pagination.ts
FN:28,(anonymous_0)
FN:32,(anonymous_1)
FN:40,(anonymous_2)
FN:41,(anonymous_3)
FN:55,(anonymous_4)
FN:56,(anonymous_5)
FN:59,(anonymous_6)
FN:60,(anonymous_7)
FN:63,(anonymous_8)
FN:70,(anonymous_9)
FNF:10
FNH:10
FNDA:24,(anonymous_0)
FNDA:18,(anonymous_1)
FNDA:2,(anonymous_2)
FNDA:2,(anonymous_3)
FNDA:1,(anonymous_4)
FNDA:1,(anonymous_5)
FNDA:4,(anonymous_6)
FNDA:4,(anonymous_7)
FNDA:1,(anonymous_8)
FNDA:18,(anonymous_9)
DA:23,1
DA:28,1
DA:29,24
DA:32,1
DA:33,18
DA:35,18
DA:40,18
DA:41,2
DA:42,2
DA:43,1
DA:48,1
DA:55,18
DA:56,1
DA:59,18
DA:60,4
DA:63,18
DA:64,1
DA:70,18
DA:71,18
DA:74,18
DA:76,18
LF:21
LH:21
BRDA:32,0,0,17
BRDA:33,1,0,17
BRDA:33,2,0,17
BRDA:42,3,0,1
BRDA:42,3,1,1
BRF:5
BRH:5
end_of_record
TN:
SF:src/components/hooks/use-search.ts
FN:17,(anonymous_0)
FN:20,(anonymous_1)
FN:26,(anonymous_2)
FN:37,(anonymous_3)
FN:38,(anonymous_4)
FNF:5
FNH:5
FNDA:42,(anonymous_0)
FNDA:14,(anonymous_1)
FNDA:42,(anonymous_2)
FNDA:665,(anonymous_3)
FNDA:768,(anonymous_4)
DA:17,1
DA:18,42
DA:20,42
DA:21,14
DA:24,42
DA:26,42
DA:27,42
DA:28,3
DA:31,39
DA:33,39
DA:34,24
DA:37,15
DA:38,665
DA:39,768
DA:40,5
DA:42,763
DA:47,42
LF:17
LH:17
BRDA:27,0,0,3
BRDA:27,0,1,39
BRDA:33,1,0,24
BRDA:33,1,1,15
BRDA:39,2,0,5
BRDA:39,2,1,763
BRF:6
BRH:6
end_of_record
TN:
SF:src/components/ui/posts-context.tsx
FNF:0
FNH:0
DA:5,0
LF:1
LH:0
BRF:0
BRH:0
end_of_record
TN:
SF:src/components/ui/posts-pagination.tsx
FN:10,(anonymous_0)
FN:26,(anonymous_1)
FN:27,(anonymous_2)
FNF:3
FNH:0
FNDA:0,(anonymous_0)
FNDA:0,(anonymous_1)
FNDA:0,(anonymous_2)
DA:10,0
DA:11,0
DA:13,0
DA:26,0
DA:27,0
LF:5
LH:0
BRF:0
BRH:0
end_of_record
TN:
SF:src/components/ui/posts-search.tsx
FN:8,(anonymous_0)
FN:11,(anonymous_1)
FN:12,(anonymous_2)
FN:20,(anonymous_3)
FN:23,(anonymous_4)
FNF:5
FNH:0
FNDA:0,(anonymous_0)
FNDA:0,(anonymous_1)
FNDA:0,(anonymous_2)
FNDA:0,(anonymous_3)
FNDA:0,(anonymous_4)
DA:8,0
DA:9,0
DA:11,0
DA:12,0
DA:13,0
DA:14,0
DA:15,0
DA:16,0
DA:19,0
DA:20,0
DA:23,0
DA:25,0
LF:12
LH:0
BRDA:13,0,0,0
BRDA:13,0,1,0
BRDA:13,1,0,0
BRDA:13,1,1,0
BRDA:13,1,2,0
BRF:5
BRH:0
end_of_record
TN:
SF:src/components/ui/posts-table.tsx
FN:10,(anonymous_0)
FN:50,(anonymous_1)
FNF:2
FNH:0
FNDA:0,(anonymous_0)
FNDA:0,(anonymous_1)
DA:10,0
DA:11,0
DA:13,0
DA:14,0
DA:21,0
DA:22,0
DA:29,0
DA:51,0
LF:8
LH:0
BRDA:13,0,0,0
BRDA:13,0,1,0
BRDA:21,1,0,0
BRDA:21,1,1,0
BRF:4
BRH:0
end_of_record
TN:
SF:src/components/ui/posts.tsx
FN:16,(anonymous_0)
FN:32,(anonymous_1)
FN:40,(anonymous_2)
FNF:3
FNH:0
FNDA:0,(anonymous_0)
FNDA:0,(anonymous_1)
FNDA:0,(anonymous_2)
DA:11,0
DA:16,0
DA:17,0
DA:19,0
DA:29,0
DA:31,0
DA:33,0
DA:34,0
DA:39,0
DA:40,0
DA:50,0
LF:11
LH:0
BRDA:19,0,0,0
BRDA:19,0,1,0
BRF:2
BRH:0
end_of_record
TN:
SF:src/services/services.ts
FN:19,(anonymous_0)
FN:53,(anonymous_1)
FNF:2
FNH:0
FNDA:0,(anonymous_0)
FNDA:0,(anonymous_1)
DA:1,0
DA:3,0
DA:19,0
DA:20,0
DA:21,0
DA:23,0
DA:25,0
DA:26,0
DA:32,0
DA:34,0
DA:39,0
DA:53,0
DA:54,0
LF:13
LH:0
BRDA:25,0,0,0
BRDA:25,0,1,0
BRDA:41,1,0,0
BRDA:41,1,1,0
BRF:4
BRH:0
end_of_record
